<?xml version="1.0" encoding="UTF-8"?>
<!-- Generated by org.testng.reporters.JUnitReportReporter -->
<testsuite hostname="ALLen-PC" name="test.apptest.AndroidApk2_3_1" tests="1" failures="0" timestamp="12 Oct 2016 06:26:35 GMT" time="35.471" errors="0">
  <testcase name="inquiryProcess" time="35.471" classname="test.apptest.AndroidApk2_3_1"/>
</testsuite> <!-- test.apptest.AndroidApk2_3_1 -->
