<?xml version="1.0" encoding="UTF-8"?>
<!-- Generated by org.testng.reporters.JUnitReportReporter -->
<testsuite hostname="ALLen-PC" name="test.selftest.AppTestA" tests="1" failures="0" timestamp="28 Sep 2016 07:31:29 GMT" time="0.007" errors="0">
  <testcase name="testa" time="0.007" classname="test.selftest.AppTestA"/>
</testsuite> <!-- test.selftest.AppTestA -->
