<?xml version="1.0" encoding="UTF-8"?>
<!-- Generated by org.testng.reporters.JUnitReportReporter -->
<testsuite hostname="ALLen-PC" name="test.selftest.MailTest" tests="1" failures="0" timestamp="9 Oct 2016 02:12:36 GMT" time="0.637" errors="0">
  <testcase name="mail" time="0.637" classname="test.selftest.MailTest"/>
</testsuite> <!-- test.selftest.MailTest -->
