<?xml version="1.0" encoding="UTF-8"?>
<!-- Generated by org.testng.reporters.JUnitReportReporter -->
<testsuite hostname="ALLen-PC" name="test.apptest.AndroidApk2_1" tests="1" failures="0" timestamp="28 Sep 2016 08:45:11 GMT" time="57.265" errors="0">
  <testcase name="inquiry" time="57.265" classname="test.apptest.AndroidApk2_1"/>
</testsuite> <!-- test.apptest.AndroidApk2_1 -->
