<?xml version="1.0" encoding="UTF-8"?>
<!-- Generated by org.testng.reporters.JUnitReportReporter -->
<testsuite hostname="ALLen-PC" name="test.selftest.AppTestA" tests="1" failures="0" timestamp="17 Oct 2016 03:30:27 GMT" time="18.290" errors="0">
  <testcase name="testa" time="18.290" classname="test.selftest.AppTestA"/>
</testsuite> <!-- test.selftest.AppTestA -->
