<?xml version="1.0" encoding="UTF-8"?>
<!-- Generated by org.testng.reporters.JUnitReportReporter -->
<testsuite hostname="ALLen-PC" name="test.utils.Mail" tests="1" failures="0" timestamp="18 Oct 2016 09:27:47 GMT" time="3.498" errors="0">
  <testcase name="sendAutomationReports" time="3.498" classname="test.utils.Mail"/>
</testsuite> <!-- test.utils.Mail -->
