<?xml version="1.0" encoding="UTF-8"?>
<!-- Generated by org.testng.reporters.JUnitReportReporter -->
<testsuite hostname="ALLen-PC" name="test.utils.Mail" tests="1" failures="0" timestamp="12 Oct 2016 06:26:35 GMT" time="5.888" errors="0">
  <testcase name="sendAutomationReports" time="5.888" classname="test.utils.Mail"/>
</testsuite> <!-- test.utils.Mail -->
